<?xml version="1.0" encoding="UTF-8"?>
<testng-results ignored="0" total="2" passed="2" failed="0" skipped="0">
  <reporter-output>
  </reporter-output>
  <suite started-at="2022-06-01T12:52:54 MDT" name="Default suite" finished-at="2022-06-01T12:53:01 MDT" duration-ms="7078">
    <groups>
      <group name="cucumber">
        <method signature="AbstractTestNGCucumberTests.runScenario(io.cucumber.testng.PickleWrapper,io.cucumber.testng.FeatureWrapper)[pri:0, instance:testRunner.TestNGTestRunner@248e319b]" name="runScenario" class="io.cucumber.testng.AbstractTestNGCucumberTests"/>
      </group> <!-- cucumber -->
    </groups>
    <test started-at="2022-06-01T12:52:54 MDT" name="Default test" finished-at="2022-06-01T12:53:01 MDT" duration-ms="7078">
      <class name="testRunner.TestNGTestRunner">
        <test-method is-config="true" signature="setUpClass(org.testng.ITestContext)[pri:0, instance:testRunner.TestNGTestRunner@248e319b]" started-at="2022-06-01T12:52:54 MDT" name="setUpClass" finished-at="2022-06-01T12:52:55 MDT" duration-ms="325" status="PASS">
          <params>
            <param index="0">
              <value>
                <![CDATA[org.testng.TestRunner@65a4798f]]>
              </value>
            </param>
          </params>
          <reporter-output>
          </reporter-output>
        </test-method> <!-- setUpClass -->
        <test-method signature="runScenario(io.cucumber.testng.PickleWrapper,io.cucumber.testng.FeatureWrapper)[pri:0, instance:testRunner.TestNGTestRunner@248e319b]" started-at="2022-06-01T12:52:55 MDT" name="runScenario" description="Runs Cucumber Scenarios" data-provider="scenarios" finished-at="2022-06-01T12:53:01 MDT" duration-ms="6661" status="PASS">
          <params>
            <param index="0">
              <value>
                <![CDATA["User verify product in landing page"]]>
              </value>
            </param>
            <param index="1">
              <value>
                <![CDATA["Verifying and Selecting Product"]]>
              </value>
            </param>
          </params>
          <reporter-output>
          </reporter-output>
        </test-method> <!-- runScenario -->
        <test-method signature="runScenario(io.cucumber.testng.PickleWrapper,io.cucumber.testng.FeatureWrapper)[pri:0, instance:testRunner.TestNGTestRunner@248e319b]" started-at="2022-06-01T12:52:55 MDT" name="runScenario" description="Runs Cucumber Scenarios" data-provider="scenarios" finished-at="2022-06-01T12:53:01 MDT" duration-ms="6706" status="PASS">
          <params>
            <param index="0">
              <value>
                <![CDATA["User verify product in landing page"]]>
              </value>
            </param>
            <param index="1">
              <value>
                <![CDATA["Verifying and Selecting Product"]]>
              </value>
            </param>
          </params>
          <reporter-output>
          </reporter-output>
        </test-method> <!-- runScenario -->
        <test-method is-config="true" signature="tearDownClass()[pri:0, instance:testRunner.TestNGTestRunner@248e319b]" started-at="2022-06-01T12:53:01 MDT" name="tearDownClass" finished-at="2022-06-01T12:53:01 MDT" duration-ms="12" status="PASS">
          <reporter-output>
          </reporter-output>
        </test-method> <!-- tearDownClass -->
      </class> <!-- testRunner.TestNGTestRunner -->
    </test> <!-- Default test -->
  </suite> <!-- Default suite -->
</testng-results>
