<?xml version="1.0" encoding="UTF-8"?>
<testng-results ignored="0" total="2" passed="2" failed="0" skipped="0">
  <reporter-output>
  </reporter-output>
  <suite started-at="2022-06-02T13:58:26 MST" name="Default suite" finished-at="2022-06-02T13:59:23 MST" duration-ms="56823">
    <groups>
      <group name="cucumber">
        <method signature="AbstractTestNGCucumberTests.runScenario(io.cucumber.testng.PickleWrapper,io.cucumber.testng.FeatureWrapper)[pri:0, instance:testRunner.TestNGTestRunner@173ed316]" name="runScenario" class="io.cucumber.testng.AbstractTestNGCucumberTests"/>
      </group> <!-- cucumber -->
    </groups>
    <test started-at="2022-06-02T13:58:26 MST" name="Default test" finished-at="2022-06-02T13:59:23 MST" duration-ms="56823">
      <class name="testRunner.TestNGTestRunner">
        <test-method is-config="true" signature="setUpClass(org.testng.ITestContext)[pri:0, instance:testRunner.TestNGTestRunner@173ed316]" started-at="2022-06-02T13:58:27 MST" name="setUpClass" finished-at="2022-06-02T13:58:33 MST" duration-ms="6062" status="PASS">
          <params>
            <param index="0">
              <value>
                <![CDATA[org.testng.TestRunner@33e01298]]>
              </value>
            </param>
          </params>
          <reporter-output>
          </reporter-output>
        </test-method> <!-- setUpClass -->
        <test-method signature="runScenario(io.cucumber.testng.PickleWrapper,io.cucumber.testng.FeatureWrapper)[pri:0, instance:testRunner.TestNGTestRunner@173ed316]" started-at="2022-06-02T13:58:34 MST" name="runScenario" description="Runs Cucumber Scenarios" data-provider="scenarios" finished-at="2022-06-02T13:59:23 MST" duration-ms="49172" status="PASS">
          <params>
            <param index="0">
              <value>
                <![CDATA["User verify product in landing page"]]>
              </value>
            </param>
            <param index="1">
              <value>
                <![CDATA["Verifying and Selecting Product"]]>
              </value>
            </param>
          </params>
          <reporter-output>
          </reporter-output>
        </test-method> <!-- runScenario -->
        <test-method signature="runScenario(io.cucumber.testng.PickleWrapper,io.cucumber.testng.FeatureWrapper)[pri:0, instance:testRunner.TestNGTestRunner@173ed316]" started-at="2022-06-02T13:58:34 MST" name="runScenario" description="Runs Cucumber Scenarios" data-provider="scenarios" finished-at="2022-06-02T13:59:23 MST" duration-ms="48853" status="PASS">
          <params>
            <param index="0">
              <value>
                <![CDATA["User verify product in landing page"]]>
              </value>
            </param>
            <param index="1">
              <value>
                <![CDATA["Verifying and Selecting Product"]]>
              </value>
            </param>
          </params>
          <reporter-output>
          </reporter-output>
        </test-method> <!-- runScenario -->
        <test-method is-config="true" signature="tearDownClass()[pri:0, instance:testRunner.TestNGTestRunner@173ed316]" started-at="2022-06-02T13:59:23 MST" name="tearDownClass" finished-at="2022-06-02T13:59:23 MST" duration-ms="26" status="PASS">
          <reporter-output>
          </reporter-output>
        </test-method> <!-- tearDownClass -->
      </class> <!-- testRunner.TestNGTestRunner -->
    </test> <!-- Default test -->
  </suite> <!-- Default suite -->
</testng-results>
